0 info it worked if it ends with ok
1 verbose cli [ '/home/jake/.nvm/versions/node/v0.12.0/bin/node',
1 verbose cli   '/home/jake/.nvm/versions/node/v0.12.0/bin/npm',
1 verbose cli   'pack' ]
2 info using npm@2.5.1
3 info using node@v0.12.0
4 silly cache add args [ '.', null ]
5 verbose cache add spec .
6 silly cache add parsed spec { raw: '.',
6 silly cache add   scope: null,
6 silly cache add   name: null,
6 silly cache add   rawSpec: '.',
6 silly cache add   spec: '/home/jake/dev/marionette-cli/lib',
6 silly cache add   type: 'local' }
7 error addLocal Could not install /home/jake/dev/marionette-cli/lib
8 verbose stack Error: EISDIR, read
8 verbose stack     at Error (native)
9 verbose cwd /home/jake/dev/marionette-cli/lib
10 error Linux 4.6.3-1-ARCH
11 error argv "/home/jake/.nvm/versions/node/v0.12.0/bin/node" "/home/jake/.nvm/versions/node/v0.12.0/bin/npm" "pack"
12 error node v0.12.0
13 error npm  v2.5.1
14 error code EISDIR
15 error errno -21
16 error EISDIR, read
17 error If you need help, you may report this error at:
17 error     <http://github.com/npm/npm/issues>
18 verbose exit [ -21, true ]
